# JRE version: OpenJDK Runtime Environment Corretto-17.0.8.8.1 (17.0.8.1+8) (build 17.0.8.1+8-LTS)
# Java VM: OpenJDK 64-Bit Server VM Corretto-17.0.8.8.1 (17.0.8.1+8-LTS, mixed mode, emulated-client, sharing, tiered, compressed oops, compressed class ptrs, g1 gc, windows-amd64)
GC Precious Log:
 CPUs: 4 total, 4 available
 Memory: 8066M
 Large Page Support: Disabled
 NUMA Support: Disabled
 Compressed Oops: Enabled (32-bit)
 Heap Region Size: 1M
 Heap Min Capacity: 8M
 Heap Initial Capacity: 128M
 Heap Max Capacity: 2018M
 Pre-touch: Disabled
 Parallel Workers: 4
 Concurrent Workers: 1
 Concurrent Refinement Workers: 4
 Periodic GC: Disabled
Heap:
 garbage-first heap   total 102400K, used 20655K [0x0000000081e00000, 0x0000000100000000)
  region size 1024K, 4 young (4096K), 2 survivors (2048K)
 Metaspace       used 35890K, committed 36288K, reserved 1114112K
  class space    used 4999K, committed 5184K, reserved 1048576K
GC Heap History (18 events):
Event: 0.671 GC heap before
{Heap before GC invocations=0 (full 0):
 garbage-first heap   total 131072K, used 13312K [0x0000000081e00000, 0x0000000100000000)
  region size 1024K, 13 young (13312K), 0 survivors (0K)
 Metaspace       used 5401K, committed 5568K, reserved 1114112K
  class space    used 652K, committed 768K, reserved 1048576K
}
Event: 0.677 GC heap after
{Heap after GC invocations=1 (full 0):
 garbage-first heap   total 131072K, used 6476K [0x0000000081e00000, 0x0000000100000000)
  region size 1024K, 2 young (2048K), 2 survivors (2048K)
 Metaspace       used 5401K, committed 5568K, reserved 1114112K
  class space    used 652K, committed 768K, reserved 1048576K
}
Event: 1.048 GC heap before
{Heap before GC invocations=1 (full 0):
 garbage-first heap   total 131072K, used 15692K [0x0000000081e00000, 0x0000000100000000)
  region size 1024K, 11 young (11264K), 2 survivors (2048K)
 Metaspace       used 6916K, committed 7040K, reserved 1114112K
  class space    used 878K, committed 960K, reserved 1048576K
}
Event: 1.054 GC heap after
{Heap after GC invocations=2 (full 0):
 garbage-first heap   total 131072K, used 7298K [0x0000000081e00000, 0x0000000100000000)
  region size 1024K, 1 young (1024K), 1 survivors (1024K)
 Metaspace       used 6916K, committed 7040K, reserved 1114112K
  class space    used 878K, committed 960K, reserved 1048576K
}
Event: 1.687 GC heap before
{Heap before GC invocations=2 (full 0):
 garbage-first heap   total 131072K, used 28802K [0x0000000081e00000, 0x0000000100000000)
  region size 1024K, 23 young (23552K), 1 survivors (1024K)
 Metaspace       used 11452K, committed 11712K, reserved 1114112K
  class space    used 1569K, committed 1728K, reserved 1048576K
}
Event: 1.692 GC heap after
{Heap after GC invocations=3 (full 0):
 garbage-first heap   total 131072K, used 9342K [0x0000000081e00000, 0x0000000100000000)
  region size 1024K, 3 young (3072K), 3 survivors (3072K)
 Metaspace       used 11452K, committed 11712K, reserved 1114112K
  class space    used 1569K, committed 1728K, reserved 1048576K
}
Event: 2.826 GC heap before
{Heap before GC invocations=3 (full 0):
 garbage-first heap   total 131072K, used 75902K [0x0000000081e00000, 0x0000000100000000)
  region size 1024K, 70 young (71680K), 3 survivors (3072K)
 Metaspace       used 21226K, committed 21504K, reserved 1114112K
  class space    used 2875K, committed 3008K, reserved 1048576K
}
Event: 2.835 GC heap after
{Heap after GC invocations=4 (full 0):
 garbage-first heap   total 131072K, used 13682K [0x0000000081e00000, 0x0000000100000000)
  region size 1024K, 7 young (7168K), 7 survivors (7168K)
 Metaspace       used 21226K, committed 21504K, reserved 1114112K
  class space    used 2875K, committed 3008K, reserved 1048576K
}
Event: 3.336 GC heap before
{Heap before GC invocations=5 (full 0):
 garbage-first heap   total 51200K, used 39282K [0x0000000081e00000, 0x0000000100000000)
  region size 1024K, 33 young (33792K), 7 survivors (7168K)
 Metaspace       used 24971K, committed 25408K, reserved 1114112K
  class space    used 3453K, committed 3648K, reserved 1048576K
}
Event: 3.347 GC heap after
{Heap after GC invocations=6 (full 0):
 garbage-first heap   total 51200K, used 16132K [0x0000000081e00000, 0x0000000100000000)
  region size 1024K, 7 young (7168K), 7 survivors (7168K)
 Metaspace       used 24971K, committed 25408K, reserved 1114112K
  class space    used 3453K, committed 3648K, reserved 1048576K
}
Event: 3.362 GC heap before
{Heap before GC invocations=6 (full 0):
 garbage-first heap   total 51200K, used 17156K [0x0000000081e00000, 0x0000000100000000)
  region size 1024K, 8 young (8192K), 7 survivors (7168K)
 Metaspace       used 24990K, committed 25408K, reserved 1114112K
  class space    used 3456K, committed 3648K, reserved 1048576K
}
Event: 3.369 GC heap after
{Heap after GC invocations=7 (full 0):
 garbage-first heap   total 51200K, used 16683K [0x0000000081e00000, 0x0000000100000000)
  region size 1024K, 1 young (1024K), 1 survivors (1024K)
 Metaspace       used 24990K, committed 25408K, reserved 1114112K
  class space    used 3456K, committed 3648K, reserved 1048576K
}
Event: 3.691 GC heap before
{Heap before GC invocations=7 (full 0):
 garbage-first heap   total 51200K, used 36139K [0x0000000081e00000, 0x0000000100000000)
  region size 1024K, 20 young (20480K), 1 survivors (1024K)
 Metaspace       used 27602K, committed 28096K, reserved 1114112K
  class space    used 3809K, committed 4032K, reserved 1048576K
}
Event: 3.694 GC heap after
{Heap after GC invocations=8 (full 0):
 garbage-first heap   total 51200K, used 17707K [0x0000000081e00000, 0x0000000100000000)
  region size 1024K, 2 young (2048K), 2 survivors (2048K)
 Metaspace       used 27602K, committed 28096K, reserved 1114112K
  class space    used 3809K, committed 4032K, reserved 1048576K
}
Event: 4.043 GC heap before
{Heap before GC invocations=8 (full 0):
 garbage-first heap   total 51200K, used 36139K [0x0000000081e00000, 0x0000000100000000)
  region size 1024K, 21 young (21504K), 2 survivors (2048K)
 Metaspace       used 30901K, committed 31360K, reserved 1114112K
  class space    used 4279K, committed 4544K, reserved 1048576K
}
Event: 4.047 GC heap after
{Heap after GC invocations=9 (full 0):
 garbage-first heap   total 102400K, used 18895K [0x0000000081e00000, 0x0000000100000000)
  region size 1024K, 2 young (2048K), 2 survivors (2048K)
 Metaspace       used 30901K, committed 31360K, reserved 1114112K
  class space    used 4279K, committed 4544K, reserved 1048576K
}
Event: 4.510 GC heap before
{Heap before GC invocations=9 (full 0):
 garbage-first heap   total 102400K, used 36303K [0x0000000081e00000, 0x0000000100000000)
  region size 1024K, 20 young (20480K), 2 survivors (2048K)
 Metaspace       used 35533K, committed 35968K, reserved 1114112K
  class space    used 4962K, committed 5184K, reserved 1048576K
}
Event: 4.515 GC heap after
{Heap after GC invocations=10 (full 0):
 garbage-first heap   total 102400K, used 19631K [0x0000000081e00000, 0x0000000100000000)
  region size 1024K, 2 young (2048K), 2 survivors (2048K)
 Metaspace       used 35533K, committed 35968K, reserved 1114112K
  class space    used 4962K, committed 5184K, reserved 1048576K
}

